[06:14:25] [main/INFO]: Setting user: ForgeDevName
[06:14:25] [Client thread/INFO]: LWJGL Version: 2.9.0
[06:14:30] [Client thread/INFO]: Reloading ResourceManager: Default, FMLFileResourcePack:Forge Mod Loader, FMLFileResourcePack:Minecraft Forge, FMLFileResourcePack:Learning-Modding
[06:14:31] [Sound Library Loader/INFO]: Sound engine started
[06:14:31] [Client thread/INFO]: Created: 512x256 textures/blocks-atlas
[06:14:31] [Client thread/INFO]: Created: 256x256 textures/items-atlas
[06:14:31] [Client thread/INFO]: Reloading ResourceManager: Default, FMLFileResourcePack:Forge Mod Loader, FMLFileResourcePack:Minecraft Forge, FMLFileResourcePack:Learning-Modding
[06:14:31] [Client thread/INFO]: Created: 256x256 textures/items-atlas
[06:14:32] [Client thread/INFO]: Created: 512x256 textures/blocks-atlas
[06:14:32] [Sound Library Loader/INFO]: Sound engine started
[06:14:33] [MCO Availability Checker #1/ERROR]: Couldn't connect to Realms
[06:16:17] [Client thread/INFO]: Stopping!
evName
[06:16:16] [Client thread/INFO]: LWJGL Version: 2.9.0
[06:16:21] [Client thread/INFO]: Reloading ResourceManager: Default, FMLFileResourcePack:Forge Mod Loader, FMLFileResourcePack:Minecraft Forge, FMLFileResourcePack:Learning-Modding
[06:16:22] [Sound Library Loader/INFO]: Sound engine started
[06:16:22] [Client thread/INFO]: Created: 512x256 textures/blocks-atlas
[06:16:22] [Client thread/INFO]: Created: 256x256 textures/items-atlas
[06:16:22] [Client thread/INFO]: Reloading ResourceManager: Default, FMLFileResourcePack:Forge Mod Loader, FMLFileResourcePack:Minecraft Forge, FMLFileResourcePack:Learning-Modding
[06:16:22] [Client thread/INFO]: Created: 256x256 textures/items-atlas
[06:16:22] [Client thread/INFO]: Created: 512x256 textures/blocks-atlas
[06:16:23] [Sound Library Loader/INFO]: Sound engine started
[06:16:23] [MCO Availability Checker #1/ERROR]: Couldn't connect to Realms
[06:18:16] [Client thread/INFO]: Stopping!
[06:18:16] [main/INFO]: Setting user: ForgeDevName
[06:18:17] [Client thread/INFO]: LWJGL Version: 2.9.0
[06:18:22] [Client thread/INFO]: Reloading ResourceManager: Default, FMLFileResourcePack:Forge Mod Loader, FMLFileResourcePack:Minecraft Forge, FMLFileResourcePack:Learning-Modding
[06:18:22] [Sound Library Loader/INFO]: Sound engine started
[06:18:22] [Client thread/INFO]: Created: 512x256 textures/blocks-atlas
[06:18:22] [Client thread/INFO]: Created: 256x256 textures/items-atlas
[06:18:23] [Client thread/INFO]: Reloading ResourceManager: Default, FMLFileResourcePack:Forge Mod Loader, FMLFileResourcePack:Minecraft Forge, FMLFileResourcePack:Learning-Modding
[06:18:23] [Client thread/INFO]: Created: 256x256 textures/items-atlas
[06:18:23] [Client thread/INFO]: Created: 512x256 textures/blocks-atlas
[06:18:24] [Sound Library Loader/INFO]: Sound engine started
[06:18:24] [MCO Availability Checker #1/ERROR]: Couldn't connect to Realms
[06:18:42] [Client thread/INFO]: Stopping!
